2024-05-25 15:12:45 - PHP Notice:  Undefined index: firstname in /home/webuser/web/seesolutions.in/public_html/catalog/controller/account/register.php on line 356
2024-05-25 15:12:45 - PHP Notice:  Undefined index: lastname in /home/webuser/web/seesolutions.in/public_html/catalog/controller/account/register.php on line 360
2024-05-25 15:12:45 - PHP Notice:  Undefined index: email in /home/webuser/web/seesolutions.in/public_html/catalog/controller/account/register.php on line 364
2024-05-25 15:12:45 - PHP Notice:  Undefined index: email in /home/webuser/web/seesolutions.in/public_html/catalog/controller/account/register.php on line 364
2024-05-25 15:12:45 - PHP Notice:  Undefined index: email in /home/webuser/web/seesolutions.in/public_html/catalog/controller/account/register.php on line 368
2024-05-25 15:12:45 - PHP Notice:  Undefined index: telephone in /home/webuser/web/seesolutions.in/public_html/catalog/controller/account/register.php on line 372
2024-05-25 15:12:45 - PHP Notice:  Undefined index: address_1 in /home/webuser/web/seesolutions.in/public_html/catalog/controller/account/register.php on line 376
2024-05-25 15:12:45 - PHP Notice:  Undefined index: city in /home/webuser/web/seesolutions.in/public_html/catalog/controller/account/register.php on line 380
2024-05-25 15:12:45 - PHP Notice:  Undefined index: country_id in /home/webuser/web/seesolutions.in/public_html/catalog/controller/account/register.php on line 386
2024-05-25 15:12:45 - PHP Notice:  Undefined index: country_id in /home/webuser/web/seesolutions.in/public_html/catalog/controller/account/register.php on line 392
2024-05-25 15:12:45 - PHP Notice:  Undefined index: password in /home/webuser/web/seesolutions.in/public_html/catalog/controller/account/register.php on line 420
2024-05-25 15:12:45 - PHP Notice:  Undefined index: confirm in /home/webuser/web/seesolutions.in/public_html/catalog/controller/account/register.php on line 424
2024-05-25 15:12:45 - PHP Notice:  Undefined index: password in /home/webuser/web/seesolutions.in/public_html/catalog/controller/account/register.php on line 424
2024-05-25 15:13:06 - PHP Notice:  Undefined index: email in /home/webuser/web/seesolutions.in/public_html/catalog/controller/account/login.php on line 187
2024-05-25 15:13:06 - PHP Notice:  Undefined index: email in /home/webuser/web/seesolutions.in/public_html/catalog/controller/account/login.php on line 194
2024-05-25 15:13:06 - PHP Notice:  Undefined index: email in /home/webuser/web/seesolutions.in/public_html/catalog/controller/account/login.php on line 201
2024-05-25 15:13:06 - PHP Notice:  Undefined index: password in /home/webuser/web/seesolutions.in/public_html/catalog/controller/account/login.php on line 201
2024-05-25 15:13:06 - PHP Notice:  Undefined index: email in /home/webuser/web/seesolutions.in/public_html/catalog/controller/account/login.php on line 204
2024-05-25 15:13:21 - PHP Notice:  Undefined index: email in /home/webuser/web/seesolutions.in/public_html/catalog/controller/account/forgotten.php on line 127
2024-05-29 7:40:30 - PHP Notice:  Undefined index: email in /home/webuser/web/seesolutions.in/public_html/catalog/controller/account/login.php on line 187
2024-05-29 7:40:30 - PHP Notice:  Undefined index: email in /home/webuser/web/seesolutions.in/public_html/catalog/controller/account/login.php on line 194
2024-05-29 7:40:30 - PHP Notice:  Undefined index: email in /home/webuser/web/seesolutions.in/public_html/catalog/controller/account/login.php on line 201
2024-05-29 7:40:30 - PHP Notice:  Undefined index: password in /home/webuser/web/seesolutions.in/public_html/catalog/controller/account/login.php on line 201
2024-05-29 7:40:30 - PHP Notice:  Undefined index: email in /home/webuser/web/seesolutions.in/public_html/catalog/controller/account/login.php on line 204
2024-05-29 7:40:35 - PHP Notice:  Undefined index: email in /home/webuser/web/seesolutions.in/public_html/catalog/controller/account/forgotten.php on line 127
2024-05-29 7:40:43 - PHP Notice:  Undefined index: firstname in /home/webuser/web/seesolutions.in/public_html/catalog/controller/account/register.php on line 356
2024-05-29 7:40:43 - PHP Notice:  Undefined index: lastname in /home/webuser/web/seesolutions.in/public_html/catalog/controller/account/register.php on line 360
2024-05-29 7:40:43 - PHP Notice:  Undefined index: email in /home/webuser/web/seesolutions.in/public_html/catalog/controller/account/register.php on line 364
2024-05-29 7:40:43 - PHP Notice:  Undefined index: email in /home/webuser/web/seesolutions.in/public_html/catalog/controller/account/register.php on line 364
2024-05-29 7:40:43 - PHP Notice:  Undefined index: email in /home/webuser/web/seesolutions.in/public_html/catalog/controller/account/register.php on line 368
2024-05-29 7:40:43 - PHP Notice:  Undefined index: telephone in /home/webuser/web/seesolutions.in/public_html/catalog/controller/account/register.php on line 372
2024-05-29 7:40:43 - PHP Notice:  Undefined index: address_1 in /home/webuser/web/seesolutions.in/public_html/catalog/controller/account/register.php on line 376
2024-05-29 7:40:43 - PHP Notice:  Undefined index: city in /home/webuser/web/seesolutions.in/public_html/catalog/controller/account/register.php on line 380
2024-05-29 7:40:43 - PHP Notice:  Undefined index: country_id in /home/webuser/web/seesolutions.in/public_html/catalog/controller/account/register.php on line 386
2024-05-29 7:40:43 - PHP Notice:  Undefined index: country_id in /home/webuser/web/seesolutions.in/public_html/catalog/controller/account/register.php on line 392
2024-05-29 7:40:43 - PHP Notice:  Undefined index: password in /home/webuser/web/seesolutions.in/public_html/catalog/controller/account/register.php on line 420
2024-05-29 7:40:43 - PHP Notice:  Undefined index: confirm in /home/webuser/web/seesolutions.in/public_html/catalog/controller/account/register.php on line 424
2024-05-29 7:40:43 - PHP Notice:  Undefined index: password in /home/webuser/web/seesolutions.in/public_html/catalog/controller/account/register.php on line 424
2024-06-03 0:19:11 - PHP Notice:  Undefined index: email in /home/webuser/web/seesolutions.in/public_html/catalog/controller/account/login.php on line 187
2024-06-03 0:19:11 - PHP Notice:  Undefined index: email in /home/webuser/web/seesolutions.in/public_html/catalog/controller/account/login.php on line 194
2024-06-03 0:19:11 - PHP Notice:  Undefined index: email in /home/webuser/web/seesolutions.in/public_html/catalog/controller/account/login.php on line 201
2024-06-03 0:19:11 - PHP Notice:  Undefined index: password in /home/webuser/web/seesolutions.in/public_html/catalog/controller/account/login.php on line 201
2024-06-03 0:19:11 - PHP Notice:  Undefined index: email in /home/webuser/web/seesolutions.in/public_html/catalog/controller/account/login.php on line 204
2024-06-03 0:19:14 - PHP Notice:  Undefined index: email in /home/webuser/web/seesolutions.in/public_html/catalog/controller/account/forgotten.php on line 127
2024-06-03 0:19:18 - PHP Notice:  Undefined index: firstname in /home/webuser/web/seesolutions.in/public_html/catalog/controller/account/register.php on line 356
2024-06-03 0:19:18 - PHP Notice:  Undefined index: lastname in /home/webuser/web/seesolutions.in/public_html/catalog/controller/account/register.php on line 360
2024-06-03 0:19:18 - PHP Notice:  Undefined index: email in /home/webuser/web/seesolutions.in/public_html/catalog/controller/account/register.php on line 364
2024-06-03 0:19:18 - PHP Notice:  Undefined index: email in /home/webuser/web/seesolutions.in/public_html/catalog/controller/account/register.php on line 364
2024-06-03 0:19:18 - PHP Notice:  Undefined index: email in /home/webuser/web/seesolutions.in/public_html/catalog/controller/account/register.php on line 368
2024-06-03 0:19:18 - PHP Notice:  Undefined index: telephone in /home/webuser/web/seesolutions.in/public_html/catalog/controller/account/register.php on line 372
2024-06-03 0:19:18 - PHP Notice:  Undefined index: address_1 in /home/webuser/web/seesolutions.in/public_html/catalog/controller/account/register.php on line 376
2024-06-03 0:19:18 - PHP Notice:  Undefined index: city in /home/webuser/web/seesolutions.in/public_html/catalog/controller/account/register.php on line 380
2024-06-03 0:19:18 - PHP Notice:  Undefined index: country_id in /home/webuser/web/seesolutions.in/public_html/catalog/controller/account/register.php on line 386
2024-06-03 0:19:18 - PHP Notice:  Undefined index: country_id in /home/webuser/web/seesolutions.in/public_html/catalog/controller/account/register.php on line 392
2024-06-03 0:19:18 - PHP Notice:  Undefined index: password in /home/webuser/web/seesolutions.in/public_html/catalog/controller/account/register.php on line 420
2024-06-03 0:19:18 - PHP Notice:  Undefined index: confirm in /home/webuser/web/seesolutions.in/public_html/catalog/controller/account/register.php on line 424
2024-06-03 0:19:18 - PHP Notice:  Undefined index: password in /home/webuser/web/seesolutions.in/public_html/catalog/controller/account/register.php on line 424
2024-06-03 0:19:21 - PHP Notice:  Undefined index: email in /home/webuser/web/seesolutions.in/public_html/catalog/controller/account/login.php on line 187
2024-06-03 0:19:21 - PHP Notice:  Undefined index: email in /home/webuser/web/seesolutions.in/public_html/catalog/controller/account/login.php on line 194
2024-06-03 0:19:21 - PHP Notice:  Undefined index: email in /home/webuser/web/seesolutions.in/public_html/catalog/controller/account/login.php on line 201
2024-06-03 0:19:21 - PHP Notice:  Undefined index: password in /home/webuser/web/seesolutions.in/public_html/catalog/controller/account/login.php on line 201
2024-06-03 0:19:21 - PHP Notice:  Undefined index: email in /home/webuser/web/seesolutions.in/public_html/catalog/controller/account/login.php on line 204
2024-06-06 19:23:39 - PHP Notice:  Undefined index: email in /home/webuser/web/seesolutions.in/public_html/catalog/controller/account/login.php on line 187
2024-06-06 19:23:39 - PHP Notice:  Undefined index: email in /home/webuser/web/seesolutions.in/public_html/catalog/controller/account/login.php on line 194
2024-06-06 19:23:39 - PHP Notice:  Undefined index: email in /home/webuser/web/seesolutions.in/public_html/catalog/controller/account/login.php on line 201
2024-06-06 19:23:39 - PHP Notice:  Undefined index: password in /home/webuser/web/seesolutions.in/public_html/catalog/controller/account/login.php on line 201
2024-06-06 19:23:39 - PHP Notice:  Undefined index: email in /home/webuser/web/seesolutions.in/public_html/catalog/controller/account/login.php on line 204
2024-06-06 19:24:23 - PHP Notice:  Undefined index: email in /home/webuser/web/seesolutions.in/public_html/catalog/controller/account/login.php on line 187
2024-06-06 19:24:23 - PHP Notice:  Undefined index: email in /home/webuser/web/seesolutions.in/public_html/catalog/controller/account/login.php on line 194
2024-06-06 19:24:23 - PHP Notice:  Undefined index: email in /home/webuser/web/seesolutions.in/public_html/catalog/controller/account/login.php on line 201
2024-06-06 19:24:23 - PHP Notice:  Undefined index: password in /home/webuser/web/seesolutions.in/public_html/catalog/controller/account/login.php on line 201
2024-06-06 19:24:23 - PHP Notice:  Undefined index: email in /home/webuser/web/seesolutions.in/public_html/catalog/controller/account/login.php on line 204
2024-06-06 19:24:45 - PHP Notice:  Undefined index: firstname in /home/webuser/web/seesolutions.in/public_html/catalog/controller/account/register.php on line 356
2024-06-06 19:24:45 - PHP Notice:  Undefined index: lastname in /home/webuser/web/seesolutions.in/public_html/catalog/controller/account/register.php on line 360
2024-06-06 19:24:45 - PHP Notice:  Undefined index: email in /home/webuser/web/seesolutions.in/public_html/catalog/controller/account/register.php on line 364
2024-06-06 19:24:45 - PHP Notice:  Undefined index: email in /home/webuser/web/seesolutions.in/public_html/catalog/controller/account/register.php on line 364
2024-06-06 19:24:45 - PHP Notice:  Undefined index: email in /home/webuser/web/seesolutions.in/public_html/catalog/controller/account/register.php on line 368
2024-06-06 19:24:45 - PHP Notice:  Undefined index: telephone in /home/webuser/web/seesolutions.in/public_html/catalog/controller/account/register.php on line 372
2024-06-06 19:24:45 - PHP Notice:  Undefined index: address_1 in /home/webuser/web/seesolutions.in/public_html/catalog/controller/account/register.php on line 376
2024-06-06 19:24:45 - PHP Notice:  Undefined index: city in /home/webuser/web/seesolutions.in/public_html/catalog/controller/account/register.php on line 380
2024-06-06 19:24:45 - PHP Notice:  Undefined index: country_id in /home/webuser/web/seesolutions.in/public_html/catalog/controller/account/register.php on line 386
2024-06-06 19:24:45 - PHP Notice:  Undefined index: country_id in /home/webuser/web/seesolutions.in/public_html/catalog/controller/account/register.php on line 392
2024-06-06 19:24:45 - PHP Notice:  Undefined index: password in /home/webuser/web/seesolutions.in/public_html/catalog/controller/account/register.php on line 420
2024-06-06 19:24:45 - PHP Notice:  Undefined index: confirm in /home/webuser/web/seesolutions.in/public_html/catalog/controller/account/register.php on line 424
2024-06-06 19:24:45 - PHP Notice:  Undefined index: password in /home/webuser/web/seesolutions.in/public_html/catalog/controller/account/register.php on line 424
2024-06-16 9:22:27 - PHP Notice:  Undefined index: email in /home/webuser/web/seesolutions.in/public_html/catalog/controller/account/login.php on line 187
2024-06-16 9:22:27 - PHP Notice:  Undefined index: email in /home/webuser/web/seesolutions.in/public_html/catalog/controller/account/login.php on line 194
2024-06-16 9:22:27 - PHP Notice:  Undefined index: email in /home/webuser/web/seesolutions.in/public_html/catalog/controller/account/login.php on line 201
2024-06-16 9:22:27 - PHP Notice:  Undefined index: password in /home/webuser/web/seesolutions.in/public_html/catalog/controller/account/login.php on line 201
2024-06-16 9:22:27 - PHP Notice:  Undefined index: email in /home/webuser/web/seesolutions.in/public_html/catalog/controller/account/login.php on line 204
2024-06-16 9:22:30 - PHP Notice:  Undefined index: email in /home/webuser/web/seesolutions.in/public_html/catalog/controller/account/forgotten.php on line 127
2024-06-16 9:22:34 - PHP Notice:  Undefined index: firstname in /home/webuser/web/seesolutions.in/public_html/catalog/controller/account/register.php on line 356
2024-06-16 9:22:34 - PHP Notice:  Undefined index: lastname in /home/webuser/web/seesolutions.in/public_html/catalog/controller/account/register.php on line 360
2024-06-16 9:22:34 - PHP Notice:  Undefined index: email in /home/webuser/web/seesolutions.in/public_html/catalog/controller/account/register.php on line 364
2024-06-16 9:22:34 - PHP Notice:  Undefined index: email in /home/webuser/web/seesolutions.in/public_html/catalog/controller/account/register.php on line 364
2024-06-16 9:22:34 - PHP Notice:  Undefined index: email in /home/webuser/web/seesolutions.in/public_html/catalog/controller/account/register.php on line 368
2024-06-16 9:22:34 - PHP Notice:  Undefined index: telephone in /home/webuser/web/seesolutions.in/public_html/catalog/controller/account/register.php on line 372
2024-06-16 9:22:34 - PHP Notice:  Undefined index: address_1 in /home/webuser/web/seesolutions.in/public_html/catalog/controller/account/register.php on line 376
2024-06-16 9:22:34 - PHP Notice:  Undefined index: city in /home/webuser/web/seesolutions.in/public_html/catalog/controller/account/register.php on line 380
2024-06-16 9:22:34 - PHP Notice:  Undefined index: country_id in /home/webuser/web/seesolutions.in/public_html/catalog/controller/account/register.php on line 386
2024-06-16 9:22:34 - PHP Notice:  Undefined index: country_id in /home/webuser/web/seesolutions.in/public_html/catalog/controller/account/register.php on line 392
2024-06-16 9:22:34 - PHP Notice:  Undefined index: password in /home/webuser/web/seesolutions.in/public_html/catalog/controller/account/register.php on line 420
2024-06-16 9:22:34 - PHP Notice:  Undefined index: confirm in /home/webuser/web/seesolutions.in/public_html/catalog/controller/account/register.php on line 424
2024-06-16 9:22:34 - PHP Notice:  Undefined index: password in /home/webuser/web/seesolutions.in/public_html/catalog/controller/account/register.php on line 424
2024-06-16 9:22:40 - PHP Notice:  Undefined index: email in /home/webuser/web/seesolutions.in/public_html/catalog/controller/account/login.php on line 187
2024-06-16 9:22:40 - PHP Notice:  Undefined index: email in /home/webuser/web/seesolutions.in/public_html/catalog/controller/account/login.php on line 194
2024-06-16 9:22:40 - PHP Notice:  Undefined index: email in /home/webuser/web/seesolutions.in/public_html/catalog/controller/account/login.php on line 201
2024-06-16 9:22:40 - PHP Notice:  Undefined index: password in /home/webuser/web/seesolutions.in/public_html/catalog/controller/account/login.php on line 201
2024-06-16 9:22:40 - PHP Notice:  Undefined index: email in /home/webuser/web/seesolutions.in/public_html/catalog/controller/account/login.php on line 204
2024-06-19 15:55:39 - PHP Notice:  Undefined index: email in /home/webuser/web/seesolutions.in/public_html/catalog/controller/account/login.php on line 187
2024-06-19 15:55:39 - PHP Notice:  Undefined index: email in /home/webuser/web/seesolutions.in/public_html/catalog/controller/account/login.php on line 194
2024-06-19 15:55:39 - PHP Notice:  Undefined index: email in /home/webuser/web/seesolutions.in/public_html/catalog/controller/account/login.php on line 201
2024-06-19 15:55:39 - PHP Notice:  Undefined index: password in /home/webuser/web/seesolutions.in/public_html/catalog/controller/account/login.php on line 201
2024-06-19 15:55:39 - PHP Notice:  Undefined index: email in /home/webuser/web/seesolutions.in/public_html/catalog/controller/account/login.php on line 204
2024-06-19 15:55:47 - PHP Notice:  Undefined index: email in /home/webuser/web/seesolutions.in/public_html/catalog/controller/account/forgotten.php on line 127
2024-06-19 15:55:54 - PHP Notice:  Undefined index: firstname in /home/webuser/web/seesolutions.in/public_html/catalog/controller/account/register.php on line 356
2024-06-19 15:55:54 - PHP Notice:  Undefined index: lastname in /home/webuser/web/seesolutions.in/public_html/catalog/controller/account/register.php on line 360
2024-06-19 15:55:54 - PHP Notice:  Undefined index: email in /home/webuser/web/seesolutions.in/public_html/catalog/controller/account/register.php on line 364
2024-06-19 15:55:54 - PHP Notice:  Undefined index: email in /home/webuser/web/seesolutions.in/public_html/catalog/controller/account/register.php on line 364
2024-06-19 15:55:54 - PHP Notice:  Undefined index: email in /home/webuser/web/seesolutions.in/public_html/catalog/controller/account/register.php on line 368
2024-06-19 15:55:54 - PHP Notice:  Undefined index: telephone in /home/webuser/web/seesolutions.in/public_html/catalog/controller/account/register.php on line 372
2024-06-19 15:55:54 - PHP Notice:  Undefined index: address_1 in /home/webuser/web/seesolutions.in/public_html/catalog/controller/account/register.php on line 376
2024-06-19 15:55:54 - PHP Notice:  Undefined index: city in /home/webuser/web/seesolutions.in/public_html/catalog/controller/account/register.php on line 380
2024-06-19 15:55:54 - PHP Notice:  Undefined index: country_id in /home/webuser/web/seesolutions.in/public_html/catalog/controller/account/register.php on line 386
2024-06-19 15:55:54 - PHP Notice:  Undefined index: country_id in /home/webuser/web/seesolutions.in/public_html/catalog/controller/account/register.php on line 392
2024-06-19 15:55:54 - PHP Notice:  Undefined index: password in /home/webuser/web/seesolutions.in/public_html/catalog/controller/account/register.php on line 420
2024-06-19 15:55:54 - PHP Notice:  Undefined index: confirm in /home/webuser/web/seesolutions.in/public_html/catalog/controller/account/register.php on line 424
2024-06-19 15:55:54 - PHP Notice:  Undefined index: password in /home/webuser/web/seesolutions.in/public_html/catalog/controller/account/register.php on line 424
2024-06-19 15:56:06 - PHP Notice:  Undefined index: email in /home/webuser/web/seesolutions.in/public_html/catalog/controller/account/login.php on line 187
2024-06-19 15:56:06 - PHP Notice:  Undefined index: email in /home/webuser/web/seesolutions.in/public_html/catalog/controller/account/login.php on line 194
2024-06-19 15:56:06 - PHP Notice:  Undefined index: email in /home/webuser/web/seesolutions.in/public_html/catalog/controller/account/login.php on line 201
2024-06-19 15:56:06 - PHP Notice:  Undefined index: password in /home/webuser/web/seesolutions.in/public_html/catalog/controller/account/login.php on line 201
2024-06-19 15:56:06 - PHP Notice:  Undefined index: email in /home/webuser/web/seesolutions.in/public_html/catalog/controller/account/login.php on line 204
